Copyright 1986-2015 Xilinx, Inc. All Rights Reserved.
------------------------------------------------------------------------------------
| Tool Version : Vivado v.2015.1 (lin64) Build 1215546 Mon Apr 27 19:07:21 MDT 2015
| Date         : Wed Jun 10 14:38:58 2015
| Host         : WK49-Ubuntu running 64-bit Ubuntu 14.04.2 LTS
| Command      : report_drc
------------------------------------------------------------------------------------

Report DRC

Table of Contents
-----------------
1. REPORT SUMMARY
2. REPORT DETAILS

1. REPORT SUMMARY
-----------------
            Netlist: netlist
          Floorplan: design_1
      Design limits: <entire design considered>
           Ruledeck: default
             Max violations: <unlimited>
             Violations found: 13

2. REPORT DETAILS
-----------------
CFGBVS-1#1 Warning
Missing CFGBVS and CONFIG_VOLTAGE Design Properties  
Neither the CFGBVS nor CONFIG_VOLTAGE voltage property is set in the current_design.  Configuration bank voltage select (CFGBVS) must be set to VCCO or GND, and CONFIG_VOLTAGE must be set to the correct configuration voltage, in order to determine the I/O voltage support for the pins in bank 0.  It is suggested to specify these either using the 'Edit Device Properties' function in the GUI or directly in the XDC file using the following syntax:

 set_property CFGBVS value1 [current_design]
 #where value1 is either VCCO or GND

 set_property CONFIG_VOLTAGE value2 [current_design]
 #where value2 is the voltage provided to configuration bank 0

Refer to the device configuration user guide for more information.
Related violations: <none>

DPIP-1#1 Warning
Input pipelining  
DSP design_1_i/DigiLED_0/inst/DigiLED_v1_0_S00_AXI_inst/HSV_convert/rgb_data_out2 input A B is not pipelined. Pipelining DSP48 input will improve performance.
Related violations: <none>

DPIP-1#2 Warning
Input pipelining  
DSP design_1_i/DigiLED_0/inst/DigiLED_v1_0_S00_AXI_inst/HSV_convert/rgb_data_out2__0 input A B is not pipelined. Pipelining DSP48 input will improve performance.
Related violations: <none>

DPIP-1#3 Warning
Input pipelining  
DSP design_1_i/DigiLED_0/inst/DigiLED_v1_0_S00_AXI_inst/HSV_convert/rgb_data_out2__1 input A B is not pipelined. Pipelining DSP48 input will improve performance.
Related violations: <none>

DPIP-1#4 Warning
Input pipelining  
DSP design_1_i/DigiLED_0/inst/DigiLED_v1_0_S00_AXI_inst/HSV_convert/rgb_data_out2__2 input A B is not pipelined. Pipelining DSP48 input will improve performance.
Related violations: <none>

DPIP-1#5 Warning
Input pipelining  
DSP design_1_i/DigiLED_0/inst/DigiLED_v1_0_S00_AXI_inst/HSV_convert/rgb_data_out2__3 input A B is not pipelined. Pipelining DSP48 input will improve performance.
Related violations: <none>

DPIP-1#6 Warning
Input pipelining  
DSP design_1_i/DigiLED_0/inst/DigiLED_v1_0_S00_AXI_inst/HSV_convert/rgb_data_out2__4 input A B is not pipelined. Pipelining DSP48 input will improve performance.
Related violations: <none>

DPOP-1#1 Warning
Output pipelining  
DSP design_1_i/DigiLED_0/inst/DigiLED_v1_0_S00_AXI_inst/HSV_convert/rgb_data_out2 output P is not pipelined. Pipelining DSP48 output will improve performance. Both multiplier/adder output can be pipelined.
Related violations: <none>

DPOP-1#2 Warning
Output pipelining  
DSP design_1_i/DigiLED_0/inst/DigiLED_v1_0_S00_AXI_inst/HSV_convert/rgb_data_out2__0 output P is not pipelined. Pipelining DSP48 output will improve performance. Both multiplier/adder output can be pipelined.
Related violations: <none>

DPOP-1#3 Warning
Output pipelining  
DSP design_1_i/DigiLED_0/inst/DigiLED_v1_0_S00_AXI_inst/HSV_convert/rgb_data_out2__1 output P is not pipelined. Pipelining DSP48 output will improve performance. Both multiplier/adder output can be pipelined.
Related violations: <none>

DPOP-1#4 Warning
Output pipelining  
DSP design_1_i/DigiLED_0/inst/DigiLED_v1_0_S00_AXI_inst/HSV_convert/rgb_data_out2__2 output P is not pipelined. Pipelining DSP48 output will improve performance. Both multiplier/adder output can be pipelined.
Related violations: <none>

DPOP-1#5 Warning
Output pipelining  
DSP design_1_i/DigiLED_0/inst/DigiLED_v1_0_S00_AXI_inst/HSV_convert/rgb_data_out2__3 output P is not pipelined. Pipelining DSP48 output will improve performance. Both multiplier/adder output can be pipelined.
Related violations: <none>

DPOP-1#6 Warning
Output pipelining  
DSP design_1_i/DigiLED_0/inst/DigiLED_v1_0_S00_AXI_inst/HSV_convert/rgb_data_out2__4 output P is not pipelined. Pipelining DSP48 output will improve performance. Both multiplier/adder output can be pipelined.
Related violations: <none>


