14:29:12 INFO  : Processing command line option -hwspec /home/marshall/workspace/Nexys4DDR_DigiLED_demo/Nexys4DDR_DigiLED_demo.sdk/design_1_wrapper.hdf.
14:29:20 INFO  : Launching XSDB server: xsdb -n -s /opt/Xilinx/SDK/2015.1/scripts/xsdb/xsdb/xsdb-server.tcl 2457
14:29:21 INFO  : XSDB server has started successfully.
14:39:51 INFO  : Launching XSDB server: xsdb -n -s /opt/Xilinx/SDK/2015.1/scripts/xsdb/xsdb/xsdb-server.tcl 2457
14:39:51 INFO  : Processing command line option -hwspec /home/marshall/workspace/Nexys4DDR_DigiLED_demo/Nexys4DDR_DigiLED_demo.sdk/design_1_wrapper.hdf.
14:39:52 INFO  : XSDB server has started successfully.
14:39:53 INFO  : Checking for hwspec changes in the project design_1_wrapper_hw_platform_0.
14:39:53 INFO  : SDK has detected change in the last modified timestamps for source hardware specification file Source:1433972365000,  Project:1433971695000
14:39:53 INFO  : The hardware specification for project 'design_1_wrapper_hw_platform_0' is different from /home/marshall/workspace/Nexys4DDR_DigiLED_demo/Nexys4DDR_DigiLED_demo.sdk/design_1_wrapper.hdf.
14:39:53 INFO  : Copied contents of /home/marshall/workspace/Nexys4DDR_DigiLED_demo/Nexys4DDR_DigiLED_demo.sdk/design_1_wrapper.hdf into /design_1_wrapper_hw_platform_0/system.hdf.
14:39:53 INFO  : Synchronizing projects in the workspace with the hardware platform specification changes.
14:39:54 INFO  : 
14:39:55 INFO  : Updating hardware inferred compiler options for DigiLED_demo.
14:39:55 INFO  : Clearing existing target manager status.
14:44:14 INFO  : Connected to target on host '127.0.0.1' and port '3121'.
14:44:14 INFO  : 'targets -set -filter {jtag_cable_name =~ "Digilent Nexys4DDR 210292645822A" && level==0} -index 0' command is executed.
14:44:17 INFO  : FPGA configured successfully with bitstream "/home/marshall/workspace/Nexys4DDR_DigiLED_demo/Nexys4DDR_DigiLED_demo.sdk/design_1_wrapper_hw_platform_0/download.bit"
14:44:37 INFO  : Processor reset is completed for microblaze_0
14:44:45 INFO  : microblaze_0 Processor is in use. Please stop existing Run or Debug sessions before launching.
14:44:47 INFO  : Processor reset is completed for microblaze_0
14:44:53 INFO  : microblaze_0 Processor is in use. Please stop existing Run or Debug sessions before launching.
14:44:55 INFO  : Processor reset is completed for microblaze_0
14:45:52 INFO  : microblaze_0 Processor is in use. Please stop existing Run or Debug sessions before launching.
14:45:53 INFO  : Processor reset is completed for microblaze_0
14:48:17 INFO  : microblaze_0 Processor is in use. Please stop existing Run or Debug sessions before launching.
14:48:19 INFO  : Processor reset is completed for microblaze_0
14:48:37 INFO  : microblaze_0 Processor is in use. Please stop existing Run or Debug sessions before launching.
14:48:38 INFO  : Processor reset is completed for microblaze_0
14:50:01 ERROR : Unexpected error while parsing XMD response ￿: com.google.gson.JsonSyntaxException: com.google.gson.stream.MalformedJsonException: invalid number or unquoted string near 
